<?xml version="1.0" encoding="UTF-8"?>
<!-- Generated by org.testng.reporters.JUnitXMLReporter -->
<testsuite ignored="4" hostname="EN510189" failures="0" tests="1" name="hooloovoo" time="21.943" errors="0" timestamp="15 Oct 2021 21:13:29 GMT">
  <testcase classname="SeleniumTests.SignUpTests" name="signUpTestPositiveScenario" time="21.882"/>
  <testcase classname="SeleniumTests.SignUpTests" name="signUpThenLoginPositiveScenarioRandomUserInfo" time="0.0">
    <ignored/>
  </testcase> <!-- signUpThenLoginPositiveScenarioRandomUserInfo -->
  <testcase classname="SeleniumTests.SignUpTests" name="signUpThenLoginPositiveScenario" time="0.0">
    <ignored/>
  </testcase> <!-- signUpThenLoginPositiveScenario -->
  <testcase classname="SeleniumTests.SignUpTests" name="test1" time="0.0">
    <ignored/>
  </testcase> <!-- test1 -->
  <testcase classname="SeleniumTests.SignUpTests" name="signUpTestSameEmailUsedTwice" time="0.0">
    <ignored/>
  </testcase> <!-- signUpTestSameEmailUsedTwice -->
</testsuite> <!-- hooloovoo -->
