<?xml version="1.0" encoding="UTF-8"?>
<!-- Generated by org.testng.reporters.JUnitXMLReporter -->
<testsuite ignored="2" hostname="EN510189" failures="0" tests="2" name="hooloovoo" time="46.35" errors="0" timestamp="15 Oct 2021 21:54:41 GMT">
  <testcase classname="SeleniumTests.LoginTests" name="doTestWithData" time="23.13"/>
  <testcase classname="SeleniumTests.LoginTests" name="doTestWithData" time="23.167"/>
  <testcase classname="SeleniumTests.LoginTests" name="signUpTestSameEmailUsedTwice" time="0.0">
    <ignored/>
  </testcase> <!-- signUpTestSameEmailUsedTwice -->
  <testcase classname="SeleniumTests.LoginTests" name="signUpThenLoginPositiveScenario" time="0.0">
    <ignored/>
  </testcase> <!-- signUpThenLoginPositiveScenario -->
</testsuite> <!-- hooloovoo -->
